[21:29:00] [ServerMain/INFO]: Building unoptimized datafixer
[21:29:01] [ServerMain/INFO]: Environment: authHost='https://authserver.mojang.com', accountsHost='https://api.mojang.com', sessionHost='https://sessionserver.mojang.com', servicesHost='https://api.minecraftservices.com', name='PROD'
[21:29:03] [ServerMain/INFO]: Loaded 7 recipes
[21:29:03] [ServerMain/INFO]: Loaded 1314 advancements
[21:29:03] [Server thread/INFO]: Starting minecraft server version 1.19.2
[21:29:03] [Server thread/INFO]: Loading properties
[21:29:03] [Server thread/INFO]: Default game type: SURVIVAL
[21:29:03] [Server thread/INFO]: Generating keypair
[21:29:03] [Server thread/INFO]: Starting Minecraft server on *:25565
[21:29:04] [Server thread/INFO]: Using default channel type
[21:29:04] [Server thread/WARN]: **** SERVER IS RUNNING IN OFFLINE/INSECURE MODE!
[21:29:04] [Server thread/WARN]: The server will make no attempt to authenticate usernames. Beware.
[21:29:04] [Server thread/WARN]: While this makes the game possible to play without internet access, it also opens up the ability for hackers to connect with any username they choose.
[21:29:04] [Server thread/WARN]: To change this, set "online-mode" to "true" in the server.properties file.
[21:29:04] [Server thread/INFO]: Preparing level "world"
[21:29:04] [Server thread/INFO]: Preparing start region for dimension minecraft:overworld
[21:29:05] [Worker-Main-10/INFO]: Preparing spawn area: 0%
[21:29:05] [Worker-Main-2/INFO]: Preparing spawn area: 0%
[21:29:05] [Worker-Main-1/INFO]: Preparing spawn area: 0%
[21:29:05] [Worker-Main-10/INFO]: Preparing spawn area: 0%
[21:29:06] [Worker-Main-3/INFO]: Preparing spawn area: 55%
[21:29:06] [Server thread/INFO]: Time elapsed: 2321 ms
[21:29:06] [Server thread/INFO]: Done (2.454s)! For help, type "help"
[21:44:44] [Server thread/INFO]: Acnologia[/127.0.0.1:54295] logged in with entity id 3 at (12.990490308268843, 64.0, 8.762539105915902)
[21:44:44] [Server thread/INFO]: Acnologia joined the game
[21:56:36] [Server thread/INFO]: werain[/[0:0:0:0:0:0:0:1]:54301] logged in with entity id 331 at (6.674375179136903, 62.0, 7.092724862916514)
[21:56:36] [Server thread/INFO]: werain joined the game
[22:10:30] [Server thread/INFO]: Acnologia was slain by Spider
[22:10:32] [Server thread/WARN]: Acnologia moved too quickly! 23.323643872916023,3.0,21.13996642545
[22:17:51] [Server thread/INFO]: Acnologia has made the advancement [Take Aim]
[22:18:35] [Server thread/INFO]: werain has made the advancement [Take Aim]
[22:38:36] [Server thread/INFO]: werain lost connection: Disconnected
[22:38:36] [Server thread/INFO]: werain left the game
[23:00:55] [Server thread/WARN]: Acnologia moved too quickly! -7.491937443872311,189.63632035104942,-1012.7171906287844
[23:00:55] [Server thread/WARN]: Acnologia moved too quickly! -7.491937443872311,189.63632035104942,-1012.7171906287844
[23:00:55] [Server thread/WARN]: Acnologia moved too quickly! -7.491937443872311,189.63632035104942,-1012.7171906287844
[23:02:31] [Server thread/WARN]: Acnologia moved too quickly! 161.44115717381044,181.4636247568529,-1000.7836642972965
[23:02:31] [Server thread/WARN]: Acnologia moved too quickly! 161.44115717381044,181.4636247568529,-1000.7836642972965
[23:02:31] [Server thread/WARN]: Acnologia moved too quickly! 161.44115717381044,181.4636247568529,-1000.7836642972965
[23:02:31] [Server thread/WARN]: Acnologia moved too quickly! 161.44115717381044,181.4636247568529,-1000.7836642972965
[23:02:31] [Server thread/WARN]: Acnologia moved too quickly! 161.44115717381044,181.4636247568529,-1000.7836642972965
[23:02:31] [Server thread/WARN]: Acnologia moved too quickly! 161.44115717381044,181.4636247568529,-1000.7836642972965
[23:02:31] [Server thread/WARN]: Acnologia moved too quickly! 161.44115717381044,181.4636247568529,-1000.7836642972965
[23:02:31] [Server thread/WARN]: Acnologia moved too quickly! 161.44115717381044,181.4636247568529,-1000.7836642972965
[23:03:41] [Server thread/WARN]: Acnologia moved too quickly! -0.9749951380900086,0.0,-10.83056116034686
[23:03:44] [Server thread/WARN]: Can't keep up! Is the server overloaded? Running 3099ms or 61 ticks behind
[23:03:44] [Server thread/WARN]: Acnologia moved too quickly! -8.952288215037207,0.0,-4.471185420081611
[23:04:40] [Server thread/WARN]: Acnologia moved too quickly! -516.6726940281882,197.02282736026459,1000.6471288867791
[23:04:40] [Server thread/WARN]: Acnologia moved too quickly! -516.6726940281882,197.02282736026459,1000.6471288867791
[23:04:40] [Server thread/WARN]: Acnologia moved too quickly! -516.6726940281882,197.02282736026459,1000.6471288867791
[23:04:40] [Server thread/WARN]: Acnologia moved too quickly! -516.6726940281882,197.02282736026459,1000.6471288867791
[23:04:40] [Server thread/WARN]: Acnologia moved too quickly! -516.6726940281882,197.02282736026459,1000.6471288867791
[23:08:43] [Server thread/WARN]: Can't keep up! Is the server overloaded? Running 3015ms or 60 ticks behind
[23:08:43] [Server thread/WARN]: Acnologia moved too quickly! -10.114128094422426,3.750000149011612,1.0873951260417982
[23:08:47] [Server thread/WARN]: Acnologia moved too quickly! 7.7926352893427975,-0.5565695044017502,6.997298033437488
[23:10:26] [Server thread/WARN]: Acnologia moved too quickly! 600.9206891730756,139.45370102453865,1014.1965659141232
[23:10:26] [Server thread/WARN]: Acnologia moved too quickly! 600.9206891730756,139.45370102453865,1014.1965659141232
[23:10:26] [Server thread/WARN]: Acnologia moved too quickly! 600.9206891730756,139.45370102453865,1014.1965659141232
[23:10:26] [Server thread/WARN]: Acnologia moved too quickly! 600.9206891730756,139.45370102453865,1014.1965659141232
[23:11:04] [Server thread/INFO]: Acnologia lost connection: Disconnected
[23:11:04] [Server thread/INFO]: Acnologia left the game
[23:11:15] [Server thread/INFO]: Stopping the server
[23:11:15] [Server thread/INFO]: Stopping server
[23:11:15] [Server thread/INFO]: Saving players
[23:11:15] [Server thread/INFO]: Saving worlds
[23:11:15] [Server thread/INFO]: Saving chunks for level 'ServerLevel[Skyblock 4.11]'/minecraft:overworld
[23:11:15] [Server thread/INFO]: Saving chunks for level 'ServerLevel[Skyblock 4.11]'/minecraft:the_end
[23:11:15] [Server thread/INFO]: Saving chunks for level 'ServerLevel[Skyblock 4.11]'/minecraft:the_nether
[23:11:15] [Server thread/INFO]: ThreadedAnvilChunkStorage (world): All chunks are saved
[23:11:15] [Server thread/INFO]: ThreadedAnvilChunkStorage (DIM1): All chunks are saved
[23:11:15] [Server thread/INFO]: ThreadedAnvilChunkStorage (DIM-1): All chunks are saved
[23:11:15] [Server thread/INFO]: ThreadedAnvilChunkStorage: All dimensions are saved
